<?xml version="1.0" encoding="UTF-8"?>
<!-- Generated by org.testng.reporters.JUnitReportReporter -->
<testsuite hostname="ChristoPC" failures="0" tests="1" name="test.LoginTest" time="1.505" errors="0" timestamp="2021-09-12T16:53:43 IST" skipped="0">
  <testcase classname="test.LoginTest" name="positiveTest" time="1.505"/>
  <system-out/>
</testsuite> <!-- test.LoginTest -->
